<?xml version="1.0" encoding="UTF-8"?>
<testng-results ignored="0" total="1" passed="1" failed="0" skipped="0">
  <reporter-output>
  </reporter-output>
  <suite started-at="2024-07-01T11:57:35Z" name="Default suite" finished-at="2024-07-01T11:57:39Z" duration-ms="3833">
    <groups>
    </groups>
    <test started-at="2024-07-01T11:57:35Z" name="Default test" finished-at="2024-07-01T11:57:39Z" duration-ms="3833">
      <class name="com.swagger.petstore.Implementation">
        <test-method signature="tc0()[pri:0, instance:com.swagger.petstore.Implementation@563f38c4]" started-at="2024-07-01T11:57:35Z" name="tc0" finished-at="2024-07-01T11:57:39Z" duration-ms="3802" status="PASS">
          <reporter-output>
          </reporter-output>
        </test-method> <!-- tc0 -->
      </class> <!-- com.swagger.petstore.Implementation -->
    </test> <!-- Default test -->
  </suite> <!-- Default suite -->
</testng-results>
